<?xml version="1.0" encoding="UTF-8"?>
<!-- Generated by org.testng.reporters.JUnitReportReporter -->
<testsuite hostname="DESKTOP-VABSP24" failures="0" tests="3" name="aurtomation.Testcase.submitOrderTest" time="32.330" errors="0" timestamp="2024-10-04T22:18:32 IST" skipped="0">
  <testcase classname="aurtomation.Testcase.submitOrderTest" name="submitOrder" time="15.209"/>
  <testcase classname="aurtomation.Testcase.submitOrderTest" name="submitOrder" time="9.042"/>
  <testcase classname="aurtomation.Testcase.submitOrderTest" name="OrderHistoryTest" time="8.079"/>
</testsuite> <!-- aurtomation.Testcase.submitOrderTest -->
