<?xml version="1.0" encoding="UTF-8"?>
<!-- Generated by org.testng.reporters.JUnitReportReporter -->
<testsuite hostname="AbhishekY-SAG" failures="0" tests="1" name="aurtomation.ExtentReports.extentReportDemo" time="5.337" errors="0" timestamp="2024-09-30T23:50:06 IST" skipped="0">
  <testcase classname="aurtomation.ExtentReports.extentReportDemo" name="initialDemo" time="5.337"/>
</testsuite> <!-- aurtomation.ExtentReports.extentReportDemo -->
